TN:
SF:config/database.js
FN:19,(anonymous_0)
FN:34,(anonymous_1)
FNF:2
FNH:1
FNDA:1,(anonymous_0)
FNDA:0,(anonymous_1)
DA:1,1
DA:2,1
DA:5,1
DA:16,1
DA:19,1
DA:20,1
DA:21,1
DA:22,1
DA:23,1
DA:26,1
DA:28,0
DA:29,0
DA:34,1
DA:35,0
DA:36,0
DA:37,0
DA:39,0
DA:40,0
DA:44,1
LF:19
LH:12
BRDA:6,0,0,1
BRDA:6,0,1,0
BRDA:7,1,0,1
BRDA:7,1,1,0
BRDA:8,2,0,1
BRDA:8,2,1,1
BRDA:9,3,0,1
BRDA:9,3,1,0
BRDA:34,4,0,0
BRF:9
BRH:5
end_of_record
TN:
SF:models/Activity.js
FN:14,(anonymous_0)
FN:148,(anonymous_1)
FN:224,(anonymous_2)
FN:280,(anonymous_3)
FN:374,(anonymous_4)
FN:402,(anonymous_5)
FN:475,(anonymous_6)
FN:499,(anonymous_7)
FN:534,(anonymous_8)
FN:555,(anonymous_9)
FN:594,(anonymous_10)
FN:618,(anonymous_11)
FNF:12
FNH:0
FNDA:0,(anonymous_0)
FNDA:0,(anonymous_1)
FNDA:0,(anonymous_2)
FNDA:0,(anonymous_3)
FNDA:0,(anonymous_4)
FNDA:0,(anonymous_5)
FNDA:0,(anonymous_6)
FNDA:0,(anonymous_7)
FNDA:0,(anonymous_8)
FNDA:0,(anonymous_9)
FNDA:0,(anonymous_10)
FNDA:0,(anonymous_11)
DA:1,1
DA:2,1
DA:3,1
DA:15,0
DA:28,0
DA:30,0
DA:33,0
DA:40,0
DA:42,0
DA:43,0
DA:44,0
DA:47,0
DA:48,0
DA:49,0
DA:52,0
DA:53,0
DA:54,0
DA:57,0
DA:58,0
DA:59,0
DA:62,0
DA:63,0
DA:64,0
DA:67,0
DA:68,0
DA:69,0
DA:73,0
DA:74,0
DA:81,0
DA:82,0
DA:84,0
DA:89,0
DA:92,0
DA:93,0
DA:97,0
DA:103,0
DA:106,0
DA:112,0
DA:114,0
DA:115,0
DA:116,0
DA:119,0
DA:120,0
DA:121,0
DA:124,0
DA:125,0
DA:126,0
DA:129,0
DA:130,0
DA:131,0
DA:134,0
DA:135,0
DA:136,0
DA:139,0
DA:140,0
DA:141,0
DA:144,0
DA:145,0
DA:148,0
DA:149,0
DA:150,0
DA:151,0
DA:152,0
DA:153,0
DA:154,0
DA:157,0
DA:158,0
DA:162,0
DA:163,0
DA:164,0
DA:170,0
DA:193,0
DA:203,0
DA:205,0
DA:207,0
DA:225,0
DA:226,0
DA:236,0
DA:237,0
DA:240,0
DA:241,0
DA:242,0
DA:243,0
DA:245,0
DA:248,0
DA:267,0
DA:271,0
DA:281,0
DA:291,0
DA:293,0
DA:309,0
DA:310,0
DA:312,0
DA:313,0
DA:316,0
DA:319,0
DA:323,0
DA:327,0
DA:342,0
DA:343,0
DA:354,0
DA:365,0
DA:368,0
DA:369,0
DA:372,0
DA:373,0
DA:374,0
DA:375,0
DA:376,0
DA:387,0
DA:390,0
DA:392,0
DA:393,0
DA:403,0
DA:415,0
DA:418,0
DA:424,0
DA:427,0
DA:434,0
DA:445,0
DA:446,0
DA:449,0
DA:454,0
DA:457,0
DA:462,0
DA:463,0
DA:476,0
DA:477,0
DA:478,0
DA:481,0
DA:484,0
DA:485,0
DA:490,0
DA:491,0
DA:492,0
DA:495,0
DA:498,0
DA:499,0
DA:500,0
DA:501,0
DA:502,0
DA:510,0
DA:512,0
DA:520,0
DA:522,0
DA:535,0
DA:536,0
DA:544,0
DA:546,0
DA:547,0
DA:556,0
DA:558,0
DA:563,0
DA:568,0
DA:581,0
DA:591,0
DA:594,0
DA:605,0
DA:609,0
DA:619,0
DA:620,0
DA:622,0
DA:625,0
DA:626,0
DA:631,0
DA:641,0
DA:651,0
DA:654,0
DA:656,0
DA:657,0
DA:660,0
DA:664,0
DA:670,0
DA:672,0
DA:673,0
DA:675,0
DA:677,0
DA:681,0
DA:683,0
DA:688,0
DA:695,0
DA:697,0
DA:698,0
DA:701,0
DA:705,0
DA:709,0
DA:714,0
DA:715,0
DA:717,0
DA:718,0
DA:719,0
DA:720,0
DA:722,0
DA:726,0
DA:727,0
DA:731,0
DA:732,0
DA:737,0
DA:738,0
DA:739,0
DA:740,0
DA:741,0
DA:746,0
DA:748,0
DA:749,0
DA:754,1
LF:206
LH:4
BRDA:14,0,0,0
BRDA:17,1,0,0
BRDA:18,2,0,0
BRDA:25,3,0,0
BRDA:26,4,0,0
BRDA:27,5,0,0
BRDA:42,6,0,0
BRDA:42,6,1,0
BRDA:47,7,0,0
BRDA:47,7,1,0
BRDA:52,8,0,0
BRDA:52,8,1,0
BRDA:57,9,0,0
BRDA:57,9,1,0
BRDA:62,10,0,0
BRDA:62,10,1,0
BRDA:67,11,0,0
BRDA:67,11,1,0
BRDA:73,12,0,0
BRDA:73,12,1,0
BRDA:92,13,0,0
BRDA:92,13,1,0
BRDA:92,14,0,0
BRDA:92,14,1,0
BRDA:114,15,0,0
BRDA:114,15,1,0
BRDA:119,16,0,0
BRDA:119,16,1,0
BRDA:124,17,0,0
BRDA:124,17,1,0
BRDA:129,18,0,0
BRDA:129,18,1,0
BRDA:134,19,0,0
BRDA:134,19,1,0
BRDA:139,20,0,0
BRDA:139,20,1,0
BRDA:145,21,0,0
BRDA:145,21,1,0
BRDA:151,22,0,0
BRDA:151,22,1,0
BRDA:151,23,0,0
BRDA:151,23,1,0
BRDA:153,24,0,0
BRDA:153,24,1,0
BRDA:163,25,0,0
BRDA:163,25,1,0
BRDA:163,26,0,0
BRDA:163,26,1,0
BRDA:179,27,0,0
BRDA:179,27,1,0
BRDA:179,27,2,0
BRDA:180,28,0,0
BRDA:180,28,1,0
BRDA:181,29,0,0
BRDA:181,29,1,0
BRDA:210,30,0,0
BRDA:210,30,1,0
BRDA:211,31,0,0
BRDA:211,31,1,0
BRDA:236,32,0,0
BRDA:236,32,1,0
BRDA:257,33,0,0
BRDA:257,33,1,0
BRDA:257,33,2,0
BRDA:288,34,0,0
BRDA:289,35,0,0
BRDA:290,36,0,0
BRDA:302,37,0,0
BRDA:302,37,1,0
BRDA:310,38,0,0
BRDA:310,38,1,0
BRDA:316,39,0,0
BRDA:316,39,1,0
BRDA:372,40,0,0
BRDA:372,40,1,0
BRDA:375,41,0,0
BRDA:375,41,1,0
BRDA:419,42,0,0
BRDA:419,42,1,0
BRDA:420,43,0,0
BRDA:420,43,1,0
BRDA:465,44,0,0
BRDA:465,44,1,0
BRDA:475,45,0,0
BRDA:477,46,0,0
BRDA:477,46,1,0
BRDA:490,47,0,0
BRDA:490,47,1,0
BRDA:490,48,0,0
BRDA:490,48,1,0
BRDA:490,48,2,0
BRDA:500,49,0,0
BRDA:500,49,1,0
BRDA:534,50,0,0
BRDA:597,51,0,0
BRDA:597,51,1,0
BRDA:597,51,2,0
BRDA:620,52,0,0
BRDA:620,52,1,0
BRDA:625,53,0,0
BRDA:625,53,1,0
BRDA:631,54,0,0
BRDA:631,54,1,0
BRDA:641,55,0,0
BRDA:641,55,1,0
BRDA:654,56,0,0
BRDA:654,56,1,0
BRDA:658,57,0,0
BRDA:658,57,1,0
BRDA:664,58,0,0
BRDA:664,58,1,0
BRDA:665,59,0,0
BRDA:665,59,1,0
BRDA:665,59,2,0
BRDA:665,59,3,0
BRDA:670,60,0,0
BRDA:670,60,1,0
BRDA:672,61,0,0
BRDA:672,61,1,0
BRDA:673,62,0,0
BRDA:673,62,1,0
BRDA:675,63,0,0
BRDA:675,63,1,0
BRDA:681,64,0,0
BRDA:681,64,1,0
BRDA:683,65,0,0
BRDA:683,65,1,0
BRDA:683,66,0,0
BRDA:683,66,1,0
BRDA:688,67,0,0
BRDA:688,67,1,0
BRDA:689,68,0,0
BRDA:689,68,1,0
BRDA:689,68,2,0
BRDA:689,68,3,0
BRDA:695,69,0,0
BRDA:695,69,1,0
BRDA:697,70,0,0
BRDA:697,70,1,0
BRDA:709,71,0,0
BRDA:709,71,1,0
BRDA:710,72,0,0
BRDA:710,72,1,0
BRDA:710,72,2,0
BRDA:718,73,0,0
BRDA:718,73,1,0
BRDA:719,74,0,0
BRDA:719,74,1,0
BRDA:720,75,0,0
BRDA:720,75,1,0
BRDA:726,76,0,0
BRDA:726,76,1,0
BRDA:731,77,0,0
BRDA:731,77,1,0
BRDA:737,78,0,0
BRDA:737,78,1,0
BRDA:739,79,0,0
BRDA:739,79,1,0
BRDA:740,80,0,0
BRDA:740,80,1,0
BRDA:740,81,0,0
BRDA:740,81,1,0
BRF:162
BRH:0
end_of_record
TN:
SF:models/Notification.js
FN:5,(anonymous_0)
FN:19,(anonymous_1)
FN:67,(anonymous_2)
FN:89,(anonymous_3)
FN:111,(anonymous_4)
FN:127,(anonymous_5)
FN:139,(anonymous_6)
FN:162,(anonymous_7)
FN:181,(anonymous_8)
FN:200,(anonymous_9)
FN:207,(anonymous_10)
FNF:11
FNH:0
FNDA:0,(anonymous_0)
FNDA:0,(anonymous_1)
FNDA:0,(anonymous_2)
FNDA:0,(anonymous_3)
FNDA:0,(anonymous_4)
FNDA:0,(anonymous_5)
FNDA:0,(anonymous_6)
FNDA:0,(anonymous_7)
FNDA:0,(anonymous_8)
FNDA:0,(anonymous_9)
FNDA:0,(anonymous_10)
DA:1,1
DA:2,1
DA:6,0
DA:7,0
DA:8,0
DA:9,0
DA:10,0
DA:11,0
DA:12,0
DA:13,0
DA:14,0
DA:15,0
DA:20,0
DA:21,0
DA:27,0
DA:39,0
DA:42,0
DA:48,0
DA:49,0
DA:52,0
DA:58,0
DA:59,0
DA:68,0
DA:69,0
DA:70,0
DA:72,0
DA:77,0
DA:81,0
DA:90,0
DA:91,0
DA:92,0
DA:94,0
DA:99,0
DA:103,0
DA:112,0
DA:113,0
DA:115,0
DA:117,0
DA:118,0
DA:121,0
DA:123,0
DA:125,0
DA:127,0
DA:130,0
DA:131,0
DA:140,0
DA:142,0
DA:143,0
DA:145,0
DA:150,0
DA:154,0
DA:163,0
DA:164,0
DA:165,0
DA:167,0
DA:172,0
DA:173,0
DA:182,0
DA:183,0
DA:184,0
DA:186,0
DA:191,0
DA:192,0
DA:201,0
DA:202,0
DA:203,0
DA:205,0
DA:207,0
DA:208,0
DA:209,0
DA:219,0
DA:221,0
DA:225,0
DA:233,1
LF:74
LH:3
BRDA:6,0,0,0
BRDA:6,0,1,0
BRDA:10,1,0,0
BRDA:10,1,1,0
BRDA:11,2,0,0
BRDA:11,2,1,0
BRDA:12,3,0,0
BRDA:12,3,1,0
BRDA:13,4,0,0
BRDA:13,4,1,0
BRDA:14,5,0,0
BRDA:14,5,1,0
BRDA:15,6,0,0
BRDA:15,6,1,0
BRDA:33,7,0,0
BRDA:33,7,1,0
BRDA:48,8,0,0
BRDA:48,8,1,0
BRDA:48,9,0,0
BRDA:48,9,1,0
BRDA:111,10,0,0
BRDA:113,11,0,0
BRDA:113,12,0,0
BRDA:113,13,0,0
BRDA:117,14,0,0
BRDA:117,14,1,0
BRDA:205,15,0,0
BRDA:205,15,1,0
BRDA:205,16,0,0
BRDA:205,16,1,0
BRDA:208,17,0,0
BRDA:208,17,1,0
BRDA:208,18,0,0
BRDA:208,18,1,0
BRF:34
BRH:0
end_of_record
TN:
SF:routes/vacations.js
FN:12,(anonymous_0)
FN:20,(anonymous_1)
FN:40,(anonymous_2)
FN:71,(anonymous_3)
FN:223,(anonymous_4)
FN:396,(anonymous_5)
FN:473,(anonymous_6)
FN:487,(anonymous_7)
FN:488,(anonymous_8)
FN:490,(anonymous_9)
FN:493,(anonymous_10)
FN:494,(anonymous_11)
FN:495,(anonymous_12)
FN:496,(anonymous_13)
FN:503,(anonymous_14)
FN:545,(anonymous_15)
FN:559,(anonymous_16)
FN:560,(anonymous_17)
FN:562,(anonymous_18)
FN:565,(anonymous_19)
FN:566,(anonymous_20)
FN:567,(anonymous_21)
FN:568,(anonymous_22)
FN:594,(anonymous_23)
FN:839,(anonymous_24)
FNF:25
FNH:0
FNDA:0,(anonymous_0)
FNDA:0,(anonymous_1)
FNDA:0,(anonymous_2)
FNDA:0,(anonymous_3)
FNDA:0,(anonymous_4)
FNDA:0,(anonymous_5)
FNDA:0,(anonymous_6)
FNDA:0,(anonymous_7)
FNDA:0,(anonymous_8)
FNDA:0,(anonymous_9)
FNDA:0,(anonymous_10)
FNDA:0,(anonymous_11)
FNDA:0,(anonymous_12)
FNDA:0,(anonymous_13)
FNDA:0,(anonymous_14)
FNDA:0,(anonymous_15)
FNDA:0,(anonymous_16)
FNDA:0,(anonymous_17)
FNDA:0,(anonymous_18)
FNDA:0,(anonymous_19)
FNDA:0,(anonymous_20)
FNDA:0,(anonymous_21)
FNDA:0,(anonymous_22)
FNDA:0,(anonymous_23)
FNDA:0,(anonymous_24)
DA:1,1
DA:2,1
DA:3,1
DA:4,1
DA:5,1
DA:6,1
DA:7,1
DA:8,1
DA:9,1
DA:12,1
DA:13,0
DA:15,0
DA:18,0
DA:19,0
DA:20,0
DA:22,0
DA:26,0
DA:27,0
DA:29,0
DA:33,0
DA:40,1
DA:41,0
DA:42,0
DA:44,0
DA:45,0
DA:49,0
DA:53,0
DA:58,0
DA:60,0
DA:64,0
DA:71,1
DA:72,0
DA:73,0
DA:74,0
DA:77,0
DA:81,0
DA:88,0
DA:94,0
DA:101,0
DA:102,0
DA:103,0
DA:110,0
DA:112,0
DA:113,0
DA:119,0
DA:129,0
DA:130,0
DA:134,0
DA:136,0
DA:138,0
DA:140,0
DA:164,0
DA:168,0
DA:169,0
DA:170,0
DA:188,0
DA:194,0
DA:202,0
DA:205,0
DA:209,0
DA:215,0
DA:223,1
DA:224,0
DA:225,0
DA:227,0
DA:228,0
DA:232,0
DA:234,0
DA:235,0
DA:241,0
DA:242,0
DA:249,0
DA:250,0
DA:258,0
DA:259,0
DA:260,0
DA:262,0
DA:263,0
DA:270,0
DA:274,0
DA:277,0
DA:278,0
DA:279,0
DA:285,0
DA:287,0
DA:288,0
DA:290,0
DA:291,0
DA:292,0
DA:293,0
DA:295,0
DA:296,0
DA:298,0
DA:299,0
DA:300,0
DA:302,0
DA:303,0
DA:304,0
DA:305,0
DA:306,0
DA:310,0
DA:316,0
DA:317,0
DA:319,0
DA:320,0
DA:323,0
DA:328,0
DA:352,0
DA:354,0
DA:362,0
DA:365,0
DA:369,0
DA:371,0
DA:377,0
DA:382,0
DA:388,0
DA:396,1
DA:397,0
DA:398,0
DA:400,0
DA:401,0
DA:405,0
DA:407,0
DA:408,0
DA:414,0
DA:415,0
DA:422,0
DA:425,0
DA:426,0
DA:428,0
DA:446,0
DA:448,0
DA:456,0
DA:458,0
DA:462,0
DA:473,1
DA:474,0
DA:475,0
DA:478,0
DA:482,0
DA:485,0
DA:487,0
DA:488,0
DA:490,0
DA:493,0
DA:494,0
DA:495,0
DA:496,0
DA:502,0
DA:503,0
DA:504,0
DA:505,0
DA:506,0
DA:507,0
DA:509,0
DA:510,0
DA:518,0
DA:519,0
DA:523,0
DA:524,0
DA:526,0
DA:530,0
DA:532,0
DA:545,1
DA:546,0
DA:548,0
DA:550,0
DA:554,0
DA:557,0
DA:559,0
DA:560,0
DA:562,0
DA:565,0
DA:566,0
DA:567,0
DA:568,0
DA:572,0
DA:573,0
DA:575,0
DA:579,0
DA:581,0
DA:594,1
DA:595,0
DA:596,0
DA:597,0
DA:599,0
DA:604,0
DA:605,0
DA:606,0
DA:613,0
DA:614,0
DA:615,0
DA:622,0
DA:623,0
DA:624,0
DA:625,0
DA:628,0
DA:631,0
DA:632,0
DA:635,0
DA:639,0
DA:642,0
DA:644,0
DA:646,0
DA:647,0
DA:649,0
DA:650,0
DA:651,0
DA:652,0
DA:654,0
DA:655,0
DA:656,0
DA:658,0
DA:659,0
DA:660,0
DA:662,0
DA:663,0
DA:664,0
DA:665,0
DA:666,0
DA:669,0
DA:671,0
DA:673,0
DA:678,0
DA:679,0
DA:680,0
DA:687,0
DA:693,0
DA:694,0
DA:696,0
DA:697,0
DA:698,0
DA:703,0
DA:722,0
DA:724,0
DA:734,0
DA:739,0
DA:741,0
DA:742,0
DA:746,0
DA:747,0
DA:748,0
DA:750,0
DA:751,0
DA:752,0
DA:757,0
DA:758,0
DA:759,0
DA:760,0
DA:765,0
DA:767,0
DA:768,0
DA:775,0
DA:776,0
DA:788,0
DA:790,0
DA:796,0
DA:801,0
DA:807,0
DA:814,0
DA:820,0
DA:825,0
DA:831,0
DA:839,1
DA:840,0
DA:842,0
DA:843,0
DA:844,0
DA:848,0
DA:850,0
DA:852,0
DA:856,0
DA:860,1
LF:273
LH:19
BRDA:15,0,0,0
BRDA:15,0,1,0
BRDA:44,1,0,0
BRDA:44,1,1,0
BRDA:49,2,0,0
BRDA:49,2,1,0
BRDA:50,3,0,0
BRDA:50,3,1,0
BRDA:77,4,0,0
BRDA:77,4,1,0
BRDA:78,5,0,0
BRDA:78,5,1,0
BRDA:88,6,0,0
BRDA:88,6,1,0
BRDA:89,7,0,0
BRDA:89,7,1,0
BRDA:89,7,2,0
BRDA:89,7,3,0
BRDA:102,8,0,0
BRDA:102,8,1,0
BRDA:112,9,0,0
BRDA:112,9,1,0
BRDA:124,10,0,0
BRDA:124,10,1,0
BRDA:129,11,0,0
BRDA:129,11,1,0
BRDA:138,12,0,0
BRDA:138,12,1,0
BRDA:158,13,0,0
BRDA:158,13,1,0
BRDA:168,14,0,0
BRDA:168,14,1,0
BRDA:168,15,0,0
BRDA:168,15,1,0
BRDA:168,15,2,0
BRDA:197,16,0,0
BRDA:197,16,1,0
BRDA:205,17,0,0
BRDA:205,17,1,0
BRDA:206,18,0,0
BRDA:206,18,1,0
BRDA:227,19,0,0
BRDA:227,19,1,0
BRDA:232,20,0,0
BRDA:232,20,1,0
BRDA:234,21,0,0
BRDA:234,21,1,0
BRDA:241,22,0,0
BRDA:241,22,1,0
BRDA:249,23,0,0
BRDA:249,23,1,0
BRDA:249,24,0,0
BRDA:249,24,1,0
BRDA:258,25,0,0
BRDA:258,25,1,0
BRDA:262,26,0,0
BRDA:262,26,1,0
BRDA:270,27,0,0
BRDA:270,27,1,0
BRDA:271,28,0,0
BRDA:271,28,1,0
BRDA:271,28,2,0
BRDA:278,29,0,0
BRDA:278,29,1,0
BRDA:285,30,0,0
BRDA:285,30,1,0
BRDA:293,31,0,0
BRDA:293,31,1,0
BRDA:300,32,0,0
BRDA:300,32,1,0
BRDA:316,33,0,0
BRDA:316,33,1,0
BRDA:323,34,0,0
BRDA:323,34,1,0
BRDA:340,35,0,0
BRDA:340,35,1,0
BRDA:347,36,0,0
BRDA:347,36,1,0
BRDA:377,37,0,0
BRDA:377,37,1,0
BRDA:378,38,0,0
BRDA:378,38,1,0
BRDA:378,38,2,0
BRDA:400,39,0,0
BRDA:400,39,1,0
BRDA:405,40,0,0
BRDA:405,40,1,0
BRDA:407,41,0,0
BRDA:407,41,1,0
BRDA:414,42,0,0
BRDA:414,42,1,0
BRDA:425,43,0,0
BRDA:425,43,1,0
BRDA:437,44,0,0
BRDA:437,44,1,0
BRDA:442,45,0,0
BRDA:442,45,1,0
BRDA:502,46,0,0
BRDA:502,46,1,0
BRDA:509,47,0,0
BRDA:509,47,1,0
BRDA:604,48,0,0
BRDA:604,48,1,0
BRDA:613,49,0,0
BRDA:613,49,1,0
BRDA:613,50,0,0
BRDA:613,50,1,0
BRDA:623,51,0,0
BRDA:623,51,1,0
BRDA:635,52,0,0
BRDA:635,52,1,0
BRDA:644,53,0,0
BRDA:644,53,1,0
BRDA:652,54,0,0
BRDA:652,54,1,0
BRDA:656,55,0,0
BRDA:656,55,1,0
BRDA:660,56,0,0
BRDA:660,56,1,0
BRDA:678,57,0,0
BRDA:678,57,1,0
BRDA:693,58,0,0
BRDA:693,58,1,0
BRDA:698,59,0,0
BRDA:698,59,1,0
BRDA:712,60,0,0
BRDA:712,60,1,0
BRDA:718,61,0,0
BRDA:718,61,1,0
BRDA:739,62,0,0
BRDA:739,62,1,0
BRDA:739,63,0,0
BRDA:739,63,1,0
BRDA:739,63,2,0
BRDA:742,64,0,0
BRDA:742,64,1,0
BRDA:750,65,0,0
BRDA:750,65,1,0
BRDA:758,66,0,0
BRDA:758,66,1,0
BRDA:796,67,0,0
BRDA:796,67,1,0
BRDA:797,68,0,0
BRDA:797,68,1,0
BRDA:797,68,2,0
BRDA:820,69,0,0
BRDA:820,69,1,0
BRDA:821,70,0,0
BRDA:821,70,1,0
BRDA:821,70,2,0
BRDA:843,71,0,0
BRDA:843,71,1,0
BRF:152
BRH:0
end_of_record
